<?xml version="1.0" encoding="utf-8"?><testsuites name="pytest tests"><testsuite name="pytest" errors="0" failures="0" skipped="0" tests="561" time="1475.108" timestamp="2026-09-20T18:34:09.045572+05:30" hostname="LAPTOP-4F96TG58"><testcase classname="tests.test_backend" name="test_application_imports" time="0.002" /><testcase classname="tests.test_backend" name="test_root_routes_registered" time="0.345" /><testcase classname="tests.test_backend" name="test_health_endpoint" time="0.159" /><testcase classname="tests.test_backend" name="test_unknown_route_returns_envelope" time="0.580" /><testcase classname="tests.test_backend" name="test_meta_does_not_leak_secrets" time="0.883" /><testcase classname="tests.test_backend" name="test_data_status_requires_auth_then_reports_no_pairs" time="1.193" /><testcase classname="tests.test_backend" name="test_ai_status_requires_auth_and_reports_not_configured" time="1.772" /><testcase classname="tests.test_backend" name="test_ai_explain_requires_configured_auth" time="0.659" /><testcase classname="tests.test_backend" name="test_auth_login_returns_not_configured" time="0.311" /><testcase classname="tests.test_backend" name="test_auth_status_reports_configuration" time="0.286" /><testcase classname="tests.test_backend" name="test_app_starts_without_env_file_from_clean_state" time="0.191" /><testcase classname="tests.test_config" name="test_settings_load_with_defaults" time="0.006" /><testcase classname="tests.test_config" name="test_settings_read_from_environment" time="0.007" /><testcase classname="tests.test_config" name="test_cors_origins_parsed_as_list" time="0.009" /><testcase classname="tests.test_config" name="test_pipeline_config_loads_yaml" time="0.096" /><testcase classname="tests.test_config" name="test_pipeline_config_missing_file_fails_gracefully" time="0.009" /><testcase classname="tests.test_config" name="test_secrets_not_exposed_in_public_dict" time="0.005" /><testcase classname="tests.test_dirs" name="test_data_tree_contains_expected_logical_locations" time="0.002" /><testcase classname="tests.test_dirs" name="test_raw_ids_are_separate_from_derived" time="0.002" /><testcase classname="tests.test_dirs" name="test_directories_resolve_under_data_root" time="0.035" /><testcase classname="tests.test_dirs" name="test_ensure_derived_never_creates_raw" time="0.032" /><testcase classname="tests.test_m1" name="test_pair_schema_covers_required_fields" time="0.001" /><testcase classname="tests.test_m1" name="test_unknown_values_default_to_unknown_not_guessed" time="0.001" /><testcase classname="tests.test_m1" name="test_register_valid_pair_and_files_untouched" time="0.378" /><testcase classname="tests.test_m1" name="test_validation_detects_missing_side[a-image_a_filename]" time="0.122" /><testcase classname="tests.test_m1" name="test_validation_detects_missing_side[b-image_b_filename]" time="0.145" /><testcase classname="tests.test_m1" name="test_validation_reports_missing_label" time="0.036" /><testcase classname="tests.test_m1" name="test_corrupt_product_is_structured_failure" time="0.042" /><testcase classname="tests.test_m1" name="test_metadata_extraction_from_label" time="0.061" /><testcase classname="tests.test_m1" name="test_unknown_metadata_field_reports_unknown" time="0.057" /><testcase classname="tests.test_m1" name="test_pair_id_is_deterministic_and_stable" time="0.218" /><testcase classname="tests.test_m1" name="test_duplicate_pair_id_rejected" time="0.058" /><testcase classname="tests.test_m1" name="test_hash_verification_and_immutability" time="0.114" /><testcase classname="tests.test_m1" name="test_registration_never_creates_files_in_raw" time="0.139" /><testcase classname="tests.test_m1" name="test_overlap_status_classification_rules" time="0.002" /><testcase classname="tests.test_m1" name="test_overlap_requires_evidence_for_confirmed" time="0.108" /><testcase classname="tests.test_m1" name="test_api_list_pairs_empty_and_count" time="1.065" /><testcase classname="tests.test_m1" name="test_api_register_then_list_detail_validate_and_status" time="1.397" /><testcase classname="tests.test_m1" name="test_api_invalid_pair_id_not_found" time="1.031" /><testcase classname="tests.test_m1" name="test_api_rejects_duplicate_pair_id" time="1.177" /><testcase classname="tests.test_m1" name="test_api_rejects_path_traversal_and_absolute_paths" time="1.072" /><testcase classname="tests.test_m1" name="test_api_register_missing_file_is_404" time="1.006" /><testcase classname="tests.test_m1" name="test_api_probe_reads_product_metadata" time="1.017" /><testcase classname="tests.test_m1" name="test_api_probe_path_traversal_blocked" time="1.107" /><testcase classname="tests.test_m1" name="test_api_preview_returns_derived_png_and_raw_untouched" time="1.547" /><testcase classname="tests.test_m1" name="test_api_preview_unknown_side_and_missing_pair" time="1.290" /><testcase classname="tests.test_m1" name="test_frontend_ssr_build_smoke_script_exists" time="0.004" /><testcase classname="tests.test_m1" name="test_pairs_route_declared_under_api" time="0.002" /><testcase classname="tests.test_m1" name="test_raw_files_byte_identical_after_full_flow" time="1.656" /><testcase classname="tests.test_m10" name="test_m10_meta_is_m10_and_leaks_no_secrets" time="0.301" /><testcase classname="tests.test_m10" name="test_m10_auth_status_public_states" time="1.161" /><testcase classname="tests.test_m10" name="test_m10_unconfigured_reports_auth_not_configured" time="1.946" /><testcase classname="tests.test_m10" name="test_m10_register_creates_viewer" time="0.937" /><testcase classname="tests.test_m10" name="test_m10_register_rejects_weak_password" time="1.786" /><testcase classname="tests.test_m10" name="test_m10_register_role_injection_ignored" time="0.936" /><testcase classname="tests.test_m10" name="test_m10_register_duplicate_username" time="1.433" /><testcase classname="tests.test_m10" name="test_m10_register_optional" time="0.692" /><testcase classname="tests.test_m10" name="test_m10_login_returns_cookie_and_no_body_secret" time="1.463" /><testcase classname="tests.test_m10" name="test_m10_login_generic_failure_no_enumeration" time="1.785" /><testcase classname="tests.test_m10" name="test_m10_login_locks_after_rate_limit" time="3.957" /><testcase classname="tests.test_m10" name="test_m10_access_token_required" time="0.967" /><testcase classname="tests.test_m10" name="test_m10_invalid_tokens_rejected" time="2.564" /><testcase classname="tests.test_m10" name="test_m10_expired_token_rejected" time="1.997" /><testcase classname="tests.test_m10" name="test_m10_role_claim_cannot_elevate" time="2.040" /><testcase classname="tests.test_m10" name="test_m10_refresh_rotates_and_replay_fails" time="2.261" /><testcase classname="tests.test_m10" name="test_m10_refresh_unknown_token" time="0.938" /><testcase classname="tests.test_m10" name="test_m10_logout_revokes_session" time="2.315" /><testcase classname="tests.test_m10" name="test_m10_admin_revokes_single_session" time="2.530" /><testcase classname="tests.test_m10" name="test_m10_matrix_reads_require_session" time="10.137" /><testcase classname="tests.test_m10" name="test_m10_matrix_mutations_require_analyst" time="9.620" /><testcase classname="tests.test_m10" name="test_m10_identity_not_actor_dependent" time="11.151" /><testcase classname="tests.test_m10" name="test_m10_admin_only_endpoints" time="8.874" /><testcase classname="tests.test_m10" name="test_m10_users_list_shape_and_no_leaks" time="2.281" /><testcase classname="tests.test_m10" name="test_m10_admin_patch_role_and_audit" time="3.690" /><testcase classname="tests.test_m10" name="test_m10_admin_safety_guards" time="3.701" /><testcase classname="tests.test_m10" name="test_m10_disable_user_revokes_access" time="5.673" /><testcase classname="tests.test_m10" name="test_m10_change_password_revokes_sessions" time="7.291" /><testcase classname="tests.test_m10" name="test_m10_security_summary_and_audit_redaction" time="4.174" /><testcase classname="tests.test_m10" name="test_m10_no_secret_ever_echoed" time="3.946" /><testcase classname="tests.test_m10" name="test_m10_bug_hunt_behaviours" time="52.856" /><testcase classname="tests.test_m11" name="test_b01_health_is_live_and_reports_m11" time="1.363" /><testcase classname="tests.test_m11" name="test_b02_meta_keeps_m11_and_canonical_config_keys" time="1.185" /><testcase classname="tests.test_m11" name="test_b03_ready_is_readiness_not_liveness" time="1.203" /><testcase classname="tests.test_m11" name="test_b04_request_id_echoed_on_success" time="0.862" /><testcase classname="tests.test_m11" name="test_b05_error_envelope_carries_request_id" time="1.860" /><testcase classname="tests.test_m11" name="test_b06_oversized_body_rejected_honestly" time="1.633" /><testcase classname="tests.test_m11" name="test_b07_validation_failure_uses_unified_envelope" time="1.588" /><testcase classname="tests.test_m11" name="test_b08_unknown_route_gets_not_found_envelope" time="1.657" /><testcase classname="tests.test_m11" name="test_b09_app_env_is_validated_and_demo_is_visible" time="1.065" /><testcase classname="tests.test_m11" name="test_b10_unsanitized_request_ids_are_replaced_not_echoed" time="1.278" /><testcase classname="tests.test_m11" name="test_b11_scientific_data_blocked_is_honest_not_fatal" time="1.026" /><testcase classname="tests.test_m11" name="test_b12_optional_capabilities_never_fail_the_service" time="1.073" /><testcase classname="tests.test_m11" name="test_b13_hard_dependency_failure_is_not_ready_503" time="1.081" /><testcase classname="tests.test_m11" name="test_b14_ready_state_truth_table" time="0.115" /><testcase classname="tests.test_m11" name="test_b15_readiness_payload_shape_contract" time="0.146" /><testcase classname="tests.test_m11" name="test_b16_atomic_json_never_leaves_partial_artifacts" time="0.052" /><testcase classname="tests.test_m11" name="test_b17_atomic_replace_failure_preserves_previous_artifact" time="0.047" /><testcase classname="tests.test_m11" name="test_b18_runlock_rejects_concurrent_owner_with_409_class" time="0.064" /><testcase classname="tests.test_m11" name="test_b19_stale_lock_is_reconciled_and_run_marked_interrupted" time="0.132" /><testcase classname="tests.test_m11" name="test_b20_guarded_run_records_success_and_failure_events" time="0.040" /><testcase classname="tests.test_m11" name="test_b20b_guard_run_records_run_event" time="0.064" /><testcase classname="tests.test_m11" name="test_b20c_npy_and_npz_writes_are_atomic" time="0.102" /><testcase classname="tests.test_m11" name="test_b21_m4_timeout_never_reports_complete" time="0.045" /><testcase classname="tests.test_m11" name="test_b22_m4_run_decision_ties_timeout_to_failed" time="0.040" /><testcase classname="tests.test_m11" name="test_b23_m5_timeout_reports_failed_spatial_timeout" time="0.046" /><testcase classname="tests.test_m11" name="test_b24_m5_summary_tracks_timed_out_truthfully" time="0.041" /><testcase classname="tests.test_m11" name="test_b25_m5_run_decision_never_complete_on_timeout" time="0.033" /><testcase classname="tests.test_m11" name="test_b26_unconfigured_auth_fails_closed_on_protected_routes" time="2.066" /><testcase classname="tests.test_m11" name="test_b27_health_and_ready_remain_public_with_auth_configured" time="3.481" /><testcase classname="tests.test_m11" name="test_b28_pipeline_reads_still_require_a_session" time="1.696" /><testcase classname="tests.test_m11" name="test_b29_admin_only_ops_route_enforced" time="2.808" /><testcase classname="tests.test_m11" name="test_b30_auth_database_records_are_durable_under_wal" time="1.686" /><testcase classname="tests.test_m11" name="test_b31_ops_overview_shape" time="2.677" /><testcase classname="tests.test_m11" name="test_b32_ops_overview_leaks_no_secrets_or_paths" time="2.627" /><testcase classname="tests.test_m11" name="test_b33_ops_failure_flags_honest_scientific_status" time="2.987" /><testcase classname="tests.test_m11" name="test_b34_recent_run_events_surface_durations" time="0.115" /><testcase classname="tests.test_m11" name="test_b35_ops_requires_admin_role_not_just_any_session" time="4.307" /><testcase classname="tests.test_m11" name="test_b36_runtime_hardening_constants_are_present" time="0.041" /><testcase classname="tests.test_m11" name="test_b37_router_level_run_guards_are_wired" time="2.019" /><testcase classname="tests.test_m11" name="test_b38_pipeline_routers_use_guard_run" time="0.021" /><testcase classname="tests.test_m11" name="test_b39_pipeline_stages_declare_execution_budgets" time="0.013" /><testcase classname="tests.test_m11" name="test_b40_run_events_are_bounded_and_error_coded" time="0.103" /><testcase classname="tests.test_m12" name="test_b01_canonical_config_json_is_deterministic_and_excludes_source" time="12.313" /><testcase classname="tests.test_m12" name="test_b02_configuration_chain_covers_m1_to_m11" time="0.909" /><testcase classname="tests.test_m12" name="test_b03_fingerprint_is_pure_function_of_config" time="0.012" /><testcase classname="tests.test_m12" name="test_b04_write_configuration_freeze_writes_frozen_doc" time="0.027" /><testcase classname="tests.test_m12" name="test_b05_verify_configuration_freeze_flags_drift" time="0.008" /><testcase classname="tests.test_m12" name="test_b06_operations_digest_reflects_operational_surface" time="0.022" /><testcase classname="tests.test_m12" name="test_b07_raw_integrity_verified_when_hashes_match" time="1.128" /><testcase classname="tests.test_m12" name="test_b08_raw_integrity_failed_on_bytes_changed" time="0.945" /><testcase classname="tests.test_m12" name="test_b09_raw_integrity_not_found_for_unknown_pair" time="0.810" /><testcase classname="tests.test_m12" name="test_b10_real_data_gate_verified_for_certified_real_dataset" time="1.144" /><testcase classname="tests.test_m12" name="test_b11_real_data_gate_path_b_for_test_fixture" time="0.343" /><testcase classname="tests.test_m12" name="test_b12_full_provenance_chain_relative_paths_and_honest_not_run" time="0.217" /><testcase classname="tests.test_m12" name="test_b13_evidence_package_frozen_with_manifest_and_digest" time="3.946" /><testcase classname="tests.test_m12" name="test_b14_secret_scan_catches_api_key" time="0.020" /><testcase classname="tests.test_m12" name="test_b15_tamper_detected_by_verify_frozen" time="5.806" /><testcase classname="tests.test_m12" name="test_b16_raw_sha256_equivalence" time="1.068" /><testcase classname="tests.test_m12" name="test_b17_candidate_funnel_audit_matches_recorded" time="0.010" /><testcase classname="tests.test_m12" name="test_b18_candidate_funnel_audit_flags_recorded_mismatch" time="0.446" /><testcase classname="tests.test_m12" name="test_b19_trust_audit_recomputes_verdicts" time="3.303" /><testcase classname="tests.test_m12" name="test_b20_spatial_audit_matches_selected_count" time="0.012" /><testcase classname="tests.test_m12" name="test_b21_registration_audit_enforces_coordinate_space" time="0.044" /><testcase classname="tests.test_m12" name="test_b22_run_signatures_identical_across_workspaces" time="11.377" /><testcase classname="tests.test_m12" name="test_b23_tampered_evidence_drifts_signature" time="19.946" /><testcase classname="tests.test_m12" name="test_b24_three_run_reproducibility_reproducible" time="25.223" /><testcase classname="tests.test_m12" name="test_b25_crosscheck_clear_for_grounded_answer" time="0.002" /><testcase classname="tests.test_m12" name="test_b26_ungrounded_number_flagged" time="0.002" /><testcase classname="tests.test_m12" name="test_b27_physical_accuracy_claim_flagged" time="0.003" /><testcase classname="tests.test_m12" name="test_b28_blocked_as_success_flagged" time="0.003" /><testcase classname="tests.test_m12" name="test_b29_terminology_and_source_violations_flagged" time="0.002" /><testcase classname="tests.test_m12" name="test_b30_packet_integrity_digest_verification" time="0.002" /><testcase classname="tests.test_m12" name="test_b31_physical_accuracy_not_available_and_no_claims" time="0.029" /><testcase classname="tests.test_m12" name="test_b32_report_labelled_with_identity_and_synthetic_flag" time="0.009" /><testcase classname="tests.test_m12" name="test_b33_no_absolute_paths_in_evidence_package" time="3.977" /><testcase classname="tests.test_m12" name="test_b34_final_evidence_layout_complete" time="4.463" /><testcase classname="tests.test_m12" name="test_b35_final_report_renders_status_matrix_and_handoff" time="3.027" /><testcase classname="tests.test_m12" name="test_m12_configuration_freezeg_endpoint" time="3.076" /><testcase classname="tests.test_m12" name="test_m12_real_data_gate_endpoint_unregistered" time="3.238" /><testcase classname="tests.test_m13" name="test_b01_unauthenticated_status_is_401" time="2.792" /><testcase classname="tests.test_m13" name="test_b02_unauthenticated_evidence_is_401" time="2.320" /><testcase classname="tests.test_m13" name="test_b03_unauthenticated_reset_is_401" time="2.437" /><testcase classname="tests.test_m13" name="test_b04_invalid_token_is_401" time="2.318" /><testcase classname="tests.test_m13" name="test_b05_status_shape_complete" time="3.066" /><testcase classname="tests.test_m13" name="test_b06_identity_block_carries_engineering_and_release_identity" time="3.849" /><testcase classname="tests.test_m13" name="test_b07_release_identity_is_presentation_only" time="4.117" /><testcase classname="tests.test_m13" name="test_b08_frozen_evidence_verified" time="3.367" /><testcase classname="tests.test_m13" name="test_b09_gate_is_path_b_synthetic" time="2.992" /><testcase classname="tests.test_m13" name="test_b10_provenance_chain_is_honest" time="2.386" /><testcase classname="tests.test_m13" name="test_b11_honest_blocked_states" time="2.668" /><testcase classname="tests.test_m13" name="test_b12_reproducibility_reproducible_and_identical" time="3.088" /><testcase classname="tests.test_m13" name="test_b13_measurements_honest_when_record_present" time="2.944" /><testcase classname="tests.test_m13" name="test_b14_audits_crosscheck_security_reflected" time="2.405" /><testcase classname="tests.test_m13" name="test_b15_evidence_listing" time="2.914" /><testcase classname="tests.test_m13" name="test_b16_evidence_detail_verified" time="3.175" /><testcase classname="tests.test_m13" name="test_b17_tampered_artifact_is_detected" time="3.779" /><testcase classname="tests.test_m13" name="test_b18_unknown_experiment_is_404" time="2.839" /><testcase classname="tests.test_m13" name="test_b19_no_absolute_paths_in_package_json" time="2.472" /><testcase classname="tests.test_m13" name="test_b20_manifest_consistent" time="2.661" /><testcase classname="tests.test_m13" name="test_b21_report_centre_lists_reports" time="2.637" /><testcase classname="tests.test_m13" name="test_b22_report_content_served" time="2.940" /><testcase classname="tests.test_m13" name="test_b23_traversal_is_blocked" time="7.876" /><testcase classname="tests.test_m13" name="test_b24_unknown_report_is_404" time="2.585" /><testcase classname="tests.test_m13" name="test_b25_report_centre_is_stable" time="3.668" /><testcase classname="tests.test_m13" name="test_b26_provenance_record_is_honest" time="3.134" /><testcase classname="tests.test_m13" name="test_b27_demo_reset_preserves_frozen_evidence" time="3.053" /><testcase classname="tests.test_m13" name="test_b28_reset_without_evidence_is_graceful" time="3.731" /><testcase classname="tests.test_m13" name="test_b29_measurements_endpoint_reports_honestly" time="3.399" /><testcase classname="tests.test_m13" name="test_b30_measurements_without_record" time="3.208" /><testcase classname="tests.test_m13" name="test_b31_payload_is_deterministic_clean_json" time="4.174" /><testcase classname="tests.test_m13" name="test_b32_errors_are_structured_json" time="5.934" /><testcase classname="tests.test_m13" name="test_b33_status_latency_sanity_budget" time="4.064" /><testcase classname="tests.test_m13" name="test_b34_secret_hygiene" time="12.007" /><testcase classname="tests.test_m13" name="test_b35_multi_client_consistency" time="6.941" /><testcase classname="tests.test_m13" name="test_b36_reset_is_non_destructive" time="3.939" /><testcase classname="tests.test_m13" name="test_b37_empty_root_status_is_graceful" time="3.715" /><testcase classname="tests.test_m13" name="test_b38_api_namespace_convention" time="4.951" /><testcase classname="tests.test_m13" name="test_b39_release_flags_never_enter_fingerprint" time="6.669" /><testcase classname="tests.test_m13" name="test_b40_cross_endpoint_consistency" time="6.233" /><testcase classname="tests.test_m2" name="test_m2_configuration_registered_and_inspectable" time="0.002" /><testcase classname="tests.test_m2" name="test_processing_config_loader_and_rejection" time="0.001" /><testcase classname="tests.test_m2" name="test_configurations_endpoint" time="4.658" /><testcase classname="tests.test_m2" name="test_full_prepare_ready_for_matching" time="10.605" /><testcase classname="tests.test_m2" name="test_full_prepare_keeps_raw_bytes_identical" time="9.237" /><testcase classname="tests.test_m2" name="test_manifest_provenance_relative_paths_and_hashes" time="11.040" /><testcase classname="tests.test_m2" name="test_tiles_and_conditions_endpoints" time="20.951" /><testcase classname="tests.test_m2" name="test_reset_removes_derived_only" time="20.223" /><testcase classname="tests.test_m2" name="test_real_pair_without_geometry_blocks_no_geometry" time="36.293" /><testcase classname="tests.test_m2" name="test_no_overlap_geometry_blocks" time="11.148" /><testcase classname="tests.test_m2" name="test_pair_not_valid_blocks" time="9.965" /><testcase classname="tests.test_m2" name="test_unknown_configuration_and_pair_errors" time="24.476" /><testcase classname="tests.test_m2" name="test_mask_builds_explicit_bitflags" time="0.006" /><testcase classname="tests.test_m2" name="test_display_normalize_masks_and_window" time="0.002" /><testcase classname="tests.test_m2" name="test_conditions_deterministic_and_blocking" time="0.004" /><testcase classname="tests.test_m2" name="test_overlap_pixel_slicing_matches_ground_frame" time="0.002" /><testcase classname="tests.test_m2" name="test_overview_honest_zero_no_pairs" time="7.194" /><testcase classname="tests.test_m2" name="test_processing_routes_declared_under_api" time="0.249" /><testcase classname="tests.test_m3" name="test_m3_configuration_registered_and_inspectable" time="0.007" /><testcase classname="tests.test_m3" name="test_matcher_config_loader_and_rejection" time="0.003" /><testcase classname="tests.test_m3" name="test_matching_configurations_endpoint" time="7.039" /><testcase classname="tests.test_m3" name="test_adapter_capabilities_matrix" time="0.004" /><testcase classname="tests.test_m3" name="test_sift_and_orb_close_correspondences_on_shifted_window" time="0.930" /><testcase classname="tests.test_m3" name="test_sift_accepts_valid_masks_only" time="0.033" /><testcase classname="tests.test_m3" name="test_engine_selection_reflects_condition_and_scale_gap" time="0.002" /><testcase classname="tests.test_m3" name="test_engine_records_unavailable_and_constraints" time="0.003" /><testcase classname="tests.test_m3" name="test_engine_is_deterministic_and_explainable" time="0.006" /><testcase classname="tests.test_m3" name="test_scale_gap_classification" time="0.002" /><testcase classname="tests.test_m3" name="test_candidate_filters_record_counts_and_ordering" time="0.016" /><testcase classname="tests.test_m3" name="test_candidate_mask_and_border_rejection" time="0.004" /><testcase classname="tests.test_m3" name="test_insufficient_candidates_reported_honestly" time="0.010" /><testcase classname="tests.test_m3" name="test_matcher_failure_never_zero_candidates" time="0.003" /><testcase classname="tests.test_m3" name="test_candidate_artifacts_roundtrip" time="0.096" /><testcase classname="tests.test_m3" name="test_matching_overview_honest_zero_and_meta" time="8.038" /><testcase classname="tests.test_m3" name="test_full_matching_run_produces_candidates" time="33.556" /><testcase classname="tests.test_m3" name="test_matching_manifest_has_no_absolute_paths_and_no_fake_confidence" time="16.182" /><testcase classname="tests.test_m3" name="test_candidate_filter_rejects_nonfinite_values" time="0.005" /><testcase classname="tests.test_m3" name="test_tile_candidates_returns_none_for_path_traversal" time="17.710" /><testcase classname="tests.test_m3" name="test_candidate_border_skip_when_tile_dims_zero" time="0.003" /><testcase classname="tests.test_m3" name="test_matching_blocks_when_pair_not_prepared" time="19.405" /><testcase classname="tests.test_m3" name="test_matching_unknown_pair_and_config_404_422" time="16.927" /><testcase classname="tests.test_m3" name="test_matching_reset_only_removes_matching_artifacts" time="16.216" /><testcase classname="tests.test_m3" name="test_runtime_budget_yields_timed_out_tile" time="10.050" /><testcase classname="tests.test_m4" name="test_m4_configuration_registered_and_inspectable" time="0.001" /><testcase classname="tests.test_m4" name="test_trust_config_loader_from_defaults" time="0.001" /><testcase classname="tests.test_m4" name="test_trust_configurations_endpoint" time="2.938" /><testcase classname="tests.test_m4" name="test_geometry_recovers_translation_inliers" time="0.222" /><testcase classname="tests.test_m4" name="test_geometry_rejects_random_noise" time="0.210" /><testcase classname="tests.test_m4" name="test_geometry_rejects_degenerate_collinear_points" time="0.001" /><testcase classname="tests.test_m4" name="test_geometry_symmetric_transfer_small_for_consistent_points" time="0.001" /><testcase classname="tests.test_m4" name="test_affine_least_squares_recovers_scale" time="0.127" /><testcase classname="tests.test_m4" name="test_geometry_is_deterministic_with_seed" time="0.398" /><testcase classname="tests.test_m4" name="test_spatial_diagnostics_partition_and_occupancy" time="0.001" /><testcase classname="tests.test_m4" name="test_spatial_diagnostics_cluster_fails_support" time="0.001" /><testcase classname="tests.test_m4" name="test_spatial_diagnostics_zero_inliers_safe" time="0.000" /><testcase classname="tests.test_m4" name="test_engine_trusts_well_conditioned_tile" time="0.200" /><testcase classname="tests.test_m4" name="test_engine_rejects_noise_tile" time="0.257" /><testcase classname="tests.test_m4" name="test_engine_insufficient_few_points" time="0.033" /><testcase classname="tests.test_m4" name="test_engine_insufficient_nonfinite_points" time="0.028" /><testcase classname="tests.test_m4" name="test_engine_rejects_collinear_only_points" time="0.012" /><testcase classname="tests.test_m4" name="test_engine_rejects_clustered_points_via_spatial_support" time="0.317" /><testcase classname="tests.test_m4" name="test_engine_enforces_symmetric_transfer_cross_check" time="0.300" /><testcase classname="tests.test_m4" name="test_engine_enforces_residual_policy" time="0.313" /><testcase classname="tests.test_m4" name="test_engine_is_deterministic" time="0.604" /><testcase classname="tests.test_m4" name="test_trust_overview_honest_zero_and_meta" time="3.337" /><testcase classname="tests.test_m4" name="test_trust_blocks_honestly_when_matching_not_run" time="4.814" /><testcase classname="tests.test_m4" name="test_full_trust_run_after_real_matching" time="13.813" /><testcase classname="tests.test_m4" name="test_fake_scene_service_run_and_reset_isolation" time="4.991" /><testcase classname="tests.test_m4" name="test_service_blocks_on_unregistered_pair" time="1.445" /><testcase classname="tests.test_m4" name="test_service_blocks_on_unknown_trust_config" time="4.281" /><testcase classname="tests.test_m4" name="test_trust_manifest_has_no_absolute_paths_or_fake_claims" time="4.705" /><testcase classname="tests.test_m4" name="test_trust_unknown_pair_and_config_404" time="4.691" /><testcase classname="tests.test_m4" name="test_trust_gate_fails_when_all_tiles_rejected" time="5.380" /><testcase classname="tests.test_m4" name="test_trust_reset_only_removes_trust_artifacts_api" time="5.961" /><testcase classname="tests.test_m4" name="test_trust_tile_path_traversal_safe" time="5.229" /><testcase classname="tests.test_m4" name="test_runtime_timeout_marks_all_tiles_failed" time="4.384" /><testcase classname="tests.test_m4" name="test_trust_run_is_deterministic_across_two_runs" time="5.547" /><testcase classname="tests.test_m5" name="test_m5_configuration_registered" time="0.001" /><testcase classname="tests.test_m5" name="test_m5_config_loader_from_defaults" time="0.001" /><testcase classname="tests.test_m5" name="test_m5_config_coercion_from_exponent_string" time="0.000" /><testcase classname="tests.test_m5" name="test_m5_configuration_endpoint" time="1.997" /><testcase classname="tests.test_m5" name="test_m5_health_meta_includes_m5_config" time="1.364" /><testcase classname="tests.test_m5" name="test_grid_cell_id_and_rc" time="0.000" /><testcase classname="tests.test_m5" name="test_grid_all_cell_ids" time="0.000" /><testcase classname="tests.test_m5" name="test_grid_neighbors" time="0.000" /><testcase classname="tests.test_m5" name="test_grid_is_edge_cell" time="0.000" /><testcase classname="tests.test_m5" name="test_grid_to_cell_clamps" time="0.000" /><testcase classname="tests.test_m5" name="test_grid_cell_box" time="0.000" /><testcase classname="tests.test_m5" name="test_load_scene_map_valid" time="0.049" /><testcase classname="tests.test_m5" name="test_load_scene_map_missing_overlap" time="0.003" /><testcase classname="tests.test_m5" name="test_load_scene_map_missing_tile_geometry" time="0.014" /><testcase classname="tests.test_m5" name="test_map_correspondences_success" time="0.001" /><testcase classname="tests.test_m5" name="test_map_correspondences_out_of_scene" time="0.000" /><testcase classname="tests.test_m5" name="test_map_correspondences_nan_coords" time="0.001" /><testcase classname="tests.test_m5" name="test_map_correspondences_unmapped_tile" time="0.000" /><testcase classname="tests.test_m5" name="test_reliability_basic" time="0.001" /><testcase classname="tests.test_m5" name="test_reliability_isolated_cell" time="0.001" /><testcase classname="tests.test_m5" name="test_reliability_below_threshold_not_reliable" time="0.001" /><testcase classname="tests.test_m5" name="test_reliability_fragmentation_multiple_components" time="0.001" /><testcase classname="tests.test_m5" name="test_reliability_boundary_analysis" time="0.001" /><testcase classname="tests.test_m5" name="test_plan_selection_basic" time="0.001" /><testcase classname="tests.test_m5" name="test_plan_selection_no_eligible_component" time="0.000" /><testcase classname="tests.test_m5" name="test_plan_selection_deterministic_ordering" time="0.001" /><testcase classname="tests.test_m5" name="test_assign_reasons_selected_and_excluded" time="0.000" /><testcase classname="tests.test_m5" name="test_full_pipeline_m2_m3_m4_m5" time="14.281" /><testcase classname="tests.test_m5" name="test_synthetic_service_run_and_summary" time="2.541" /><testcase classname="tests.test_m5" name="test_service_prerequisites_check" time="1.662" /><testcase classname="tests.test_m5" name="test_service_blocks_on_no_matching" time="1.834" /><testcase classname="tests.test_m5" name="test_service_blocks_on_unknown_config" time="2.274" /><testcase classname="tests.test_m5" name="test_service_blocks_when_m4_not_complete" time="2.747" /><testcase classname="tests.test_m5" name="test_service_blocks_when_no_trusted_tiles" time="2.201" /><testcase classname="tests.test_m5" name="test_service_blocks_when_mapping_unavailable" time="2.264" /><testcase classname="tests.test_m5" name="test_reset_only_removes_spatial" time="3.642" /><testcase classname="tests.test_m5" name="test_reset_returns_not_started" time="2.281" /><testcase classname="tests.test_m5" name="test_run_is_deterministic_across_two_runs" time="3.114" /><testcase classname="tests.test_m5" name="test_manifest_has_no_absolute_paths" time="2.502" /><testcase classname="tests.test_m5" name="test_summary_has_no_confidence_claim" time="2.537" /><testcase classname="tests.test_m5" name="test_api_overview_honest_zero" time="2.227" /><testcase classname="tests.test_m5" name="test_api_pair_404_for_unknown_pair" time="2.577" /><testcase classname="tests.test_m5" name="test_api_unknown_config_404" time="5.088" /><testcase classname="tests.test_m5" name="test_api_endpoints_after_run" time="10.912" /><testcase classname="tests.test_m5" name="test_path_traversal_pair_id_safe" time="2.062" /><testcase classname="tests.test_m5" name="test_bh_empty_trusted_set" time="2.304" /><testcase classname="tests.test_m5" name="test_bh_one_trusted_tile" time="2.319" /><testcase classname="tests.test_m5" name="test_bh_one_cell_region" time="0.001" /><testcase classname="tests.test_m5" name="test_bh_disconnected_regions" time="0.001" /><testcase classname="tests.test_m5" name="test_bh_tile_on_boundary" time="0.019" /><testcase classname="tests.test_m5" name="test_bh_tile_outside_scene" time="0.001" /><testcase classname="tests.test_m5" name="test_bh_negative_coords" time="0.000" /><testcase classname="tests.test_m5" name="test_bh_nan_coords" time="0.000" /><testcase classname="tests.test_m5" name="test_bh_inf_coords" time="0.000" /><testcase classname="tests.test_m5" name="test_bh_duplicate_correspondences" time="0.001" /><testcase classname="tests.test_m5" name="test_bh_missing_tile_geometry_returns_not_mappable" time="0.009" /><testcase classname="tests.test_m5" name="test_bh_malformed_m4_artifact" time="2.133" /><testcase classname="tests.test_m5" name="test_bh_corrupted_npz" time="2.190" /><testcase classname="tests.test_m5" name="test_bh_unknown_config_404" time="4.824" /><testcase classname="tests.test_m5" name="test_bh_path_traversal" time="2.042" /><testcase classname="tests.test_m5" name="test_bh_repeated_run_deterministic" time="3.060" /><testcase classname="tests.test_m5" name="test_bh_reset_isolation" time="3.405" /><testcase classname="tests.test_m5" name="test_bh_timeout_max_runtime_0" time="2.705" /><testcase classname="tests.test_m5" name="test_bh_stale_running_overwritten" time="3.013" /><testcase classname="tests.test_m5" name="test_bh_no_confidence_in_outputs" time="3.491" /><testcase classname="tests.test_m5" name="test_bh_m4_blocked_m5_blocked" time="3.480" /><testcase classname="tests.test_m5" name="test_bh_component_deterministic_labeling" time="0.003" /><testcase classname="tests.test_m6" name="test_m6_configuration_registered" time="0.001" /><testcase classname="tests.test_m6" name="test_m6_config_loader_from_defaults" time="0.001" /><testcase classname="tests.test_m6" name="test_m6_config_coercion_from_exponent_string" time="0.001" /><testcase classname="tests.test_m6" name="test_m6_configuration_endpoint" time="3.633" /><testcase classname="tests.test_m6" name="test_m6_health_meta_includes_m6_config" time="1.795" /><testcase classname="tests.test_m6" name="test_m6_state_vocabulary" time="0.000" /><testcase classname="tests.test_m6" name="test_tile_local_to_sensor_pixel" time="0.000" /><testcase classname="tests.test_m6" name="test_tile_local_to_sensor_pixel_nan" time="0.000" /><testcase classname="tests.test_m6" name="test_tile_local_to_sensor_pixel_no_origin" time="0.000" /><testcase classname="tests.test_m6" name="test_normalized_to_sensor_pixel" time="0.000" /><testcase classname="tests.test_m6" name="test_build_sensor_pixel_points" time="0.000" /><testcase classname="tests.test_m6" name="test_build_sensor_pixel_points_unknown_tile" time="0.000" /><testcase classname="tests.test_m6" name="test_build_tile_geometry_map_from_json" time="0.000" /><testcase classname="tests.test_m6" name="test_loader_success" time="0.101" /><testcase classname="tests.test_m6" name="test_loader_missing_key" time="0.050" /><testcase classname="tests.test_m6" name="test_loader_empty_rejected" time="0.049" /><testcase classname="tests.test_m6" name="test_loader_non_finite_rejected" time="0.046" /><testcase classname="tests.test_m6" name="test_loader_length_mismatch_rejected" time="0.060" /><testcase classname="tests.test_m6" name="test_loader_m5_not_complete" time="0.034" /><testcase classname="tests.test_m6" name="test_loader_selection_not_selected" time="0.023" /><testcase classname="tests.test_m6" name="test_loader_no_m5_run" time="0.009" /><testcase classname="tests.test_m6" name="test_engine_homography_recovers_translation" time="0.348" /><testcase classname="tests.test_m6" name="test_engine_affine_fallback_degenerate" time="0.550" /><testcase classname="tests.test_m6" name="test_engine_insufficient_evidence" time="0.001" /><testcase classname="tests.test_m6" name="test_engine_determinism" time="0.655" /><testcase classname="tests.test_m6" name="test_engine_validation_issues_on_garbage" time="0.469" /><testcase classname="tests.test_m6" name="test_engine_transform_type_affine_clean" time="0.214" /><testcase classname="tests.test_m6" name="test_warp_identity_like_translation" time="0.001" /><testcase classname="tests.test_m6" name="test_warp_affine_to_perspective_pipeline" time="0.001" /><testcase classname="tests.test_m6" name="test_warp_zero_out_shape" time="0.000" /><testcase classname="tests.test_m6" name="test_provenance_builds_chain" time="0.077" /><testcase classname="tests.test_m6" name="test_provenance_sha256_match" time="0.015" /><testcase classname="tests.test_m6" name="test_registration_manifest_builder" time="0.000" /><testcase classname="tests.test_m6" name="test_service_prerequisites_no_m5" time="0.005" /><testcase classname="tests.test_m6" name="test_service_blocks_empty_data" time="0.005" /><testcase classname="tests.test_m6" name="test_service_blocks_when_m5_blocked" time="0.018" /><testcase classname="tests.test_m6" name="test_service_blocks_unknown_config" time="1.044" /><testcase classname="tests.test_m6" name="test_service_complete_full_lifecycle" time="1.515" /><testcase classname="tests.test_m6" name="test_service_summary_no_confidence_claim" time="1.335" /><testcase classname="tests.test_m6" name="test_service_manifest_no_absolute_paths" time="1.360" /><testcase classname="tests.test_m6" name="test_service_transform_matrix_valid" time="1.347" /><testcase classname="tests.test_m6" name="test_service_diagnostics_present" time="1.328" /><testcase classname="tests.test_m6" name="test_service_validation_present" time="1.334" /><testcase classname="tests.test_m6" name="test_service_provenance_after_run" time="1.347" /><testcase classname="tests.test_m6" name="test_service_deterministic_two_runs" time="1.803" /><testcase classname="tests.test_m6" name="test_service_reset_only_removes_registration" time="1.339" /><testcase classname="tests.test_m6" name="test_service_insufficient_no_warp" time="0.048" /><testcase classname="tests.test_m6" name="test_service_blocks_when_selection_missing_npz" time="0.879" /><testcase classname="tests.test_m6" name="test_api_overview_honest_zero" time="2.602" /><testcase classname="tests.test_m6" name="test_api_pair_404_for_unknown_pair" time="3.008" /><testcase classname="tests.test_m6" name="test_api_unknown_config_404" time="5.075" /><testcase classname="tests.test_m6" name="test_api_full_pipeline_registration" time="18.454" /><testcase classname="tests.test_m6" name="test_api_endpoints_after_run" time="1.661" /><testcase classname="tests.test_m6" name="test_api_status_scientific_note" time="1.643" /><testcase classname="tests.test_m6" name="test_path_traversal_pair_id_safe" time="5.549" /><testcase classname="tests.test_m6" name="test_bh_unknown_config" time="0.004" /><testcase classname="tests.test_m6" name="test_bh_m5_status_missing" time="0.006" /><testcase classname="tests.test_m6" name="test_bh_m5_incomplete" time="0.013" /><testcase classname="tests.test_m6" name="test_bh_selection_insufficient" time="0.013" /><testcase classname="tests.test_m6" name="test_bh_no_finite_evidence" time="0.064" /><testcase classname="tests.test_m6" name="test_bh_deterministic_matrix" time="1.254" /><testcase classname="tests.test_m6" name="test_bh_registration_manifest_reproducible_ids" time="1.508" /><testcase classname="tests.test_m6" name="test_bh_status_has_config_chain" time="1.461" /><testcase classname="tests.test_m6" name="test_bh_registered_meta_written" time="1.488" /><testcase classname="tests.test_m6" name="test_bh_no_python_paths_in_manifest" time="1.520" /><testcase classname="tests.test_m6" name="test_bh_empty_selected_protected" time="0.051" /><testcase classname="tests.test_m6" name="test_bh_run_idempotent_overwrite" time="1.827" /><testcase classname="tests.test_m6" name="test_bh_loader_rejects_corrupt_transform_source" time="0.844" /><testcase classname="tests.test_m6" name="test_bh_service_blocks_on_corrupt_npz_gracefully" time="0.874" /><testcase classname="tests.test_m6" name="test_bh_no_absolute_paths_in_provenance" time="1.330" /><testcase classname="tests.test_m6" name="test_bh_pipeline_chain_tense" time="1.354" /><testcase classname="tests.test_m6" name="test_m6_config_refine_and_warp_fields" time="0.000" /><testcase classname="tests.test_m6" name="test_m6_config_dataclasses_new_fields" time="0.000" /><testcase classname="tests.test_m6" name="test_configuration_endpoint_exposes_new_warp_fields" time="2.729" /><testcase classname="tests.test_m6" name="test_loader_invalid_scene_side_rejected" time="0.045" /><testcase classname="tests.test_m6" name="test_loader_scene_bounds_rejected" time="0.030" /><testcase classname="tests.test_m6" name="test_validation_records_state_and_independent_check" time="1.515" /><testcase classname="tests.test_m6" name="test_transform_declares_source_target_space" time="1.492" /><testcase classname="tests.test_m6" name="test_summary_declares_source_target_space" time="1.447" /><testcase classname="tests.test_m6" name="test_registered_dtype_and_meta" time="1.450" /><testcase classname="tests.test_m6" name="test_warp_max_bounds_honest_failure" time="1.235" /><testcase classname="tests.test_m6" name="test_api_visualizations_and_registered_product" time="14.953" /><testcase classname="tests.test_m6" name="test_api_selected_evidence" time="8.632" /><testcase classname="tests.test_m7" name="test_m7_configuration_registered" time="0.000" /><testcase classname="tests.test_m7" name="test_m7_config_loader_from_defaults" time="0.000" /><testcase classname="tests.test_m7" name="test_m7_config_coercion" time="0.000" /><testcase classname="tests.test_m7" name="test_m7_configuration_endpoint" time="3.254" /><testcase classname="tests.test_m7" name="test_m7_health_meta_includes_m7_config" time="1.807" /><testcase classname="tests.test_m7" name="test_m7_state_vocabulary" time="0.000" /><testcase classname="tests.test_m7" name="test_metric_record_required_keys" time="0.000" /><testcase classname="tests.test_m7" name="test_unavailable_metric_value_is_none_not_zero" time="0.000" /><testcase classname="tests.test_m7" name="test_forbidden_terminology_rejected" time="0.000" /><testcase classname="tests.test_m7" name="test_taxonomy_covers_produced_metrics" time="3.648" /><testcase classname="tests.test_m7" name="test_m7_full_lifecycle_complete" time="3.861" /><testcase classname="tests.test_m7" name="test_funnel_counts_and_retention" time="3.735" /><testcase classname="tests.test_m7" name="test_spatial_metrics_read_from_m5" time="3.782" /><testcase classname="tests.test_m7" name="test_registration_metrics_read_from_m6" time="3.766" /><testcase classname="tests.test_m7" name="test_physical_accuracy_never_numeric" time="3.863" /><testcase classname="tests.test_m7" name="test_recomputation_consistent_with_fit" time="4.062" /><testcase classname="tests.test_m7" name="test_recomputation_mismatch_detected" time="4.386" /><testcase classname="tests.test_m7" name="test_experiment_identity_deterministic" time="4.013" /><testcase classname="tests.test_m7" name="test_experiment_seed_excludes_config_path" time="3.987" /><testcase classname="tests.test_m7" name="test_report_markdown_deterministic_and_no_timestamp" time="4.109" /><testcase classname="tests.test_m7" name="test_report_json_has_metrics_and_recompute" time="5.035" /><testcase classname="tests.test_m7" name="test_provenance_chain_m2_to_m7" time="4.383" /><testcase classname="tests.test_m7" name="test_manifest_records_sha256" time="3.824" /><testcase classname="tests.test_m7" name="test_comparison_has_no_ranking_or_winner" time="4.151" /><testcase classname="tests.test_m7" name="test_blocked_without_m6" time="8.291" /><testcase classname="tests.test_m7" name="test_blocked_when_m6_not_complete" time="2.447" /><testcase classname="tests.test_m7" name="test_unknown_metrics_configuration_blocked" time="3.507" /><testcase classname="tests.test_m7" name="test_reset_removes_only_metrics" time="3.803" /><testcase classname="tests.test_m7" name="test_api_full_lifecycle" time="18.456" /><testcase classname="tests.test_m7" name="test_api_unknown_pair_404" time="9.861" /><testcase classname="tests.test_m7" name="test_api_unknown_metric_404" time="7.822" /><testcase classname="tests.test_m7" name="test_api_comparison_requires_pairs" time="7.515" /><testcase classname="tests.test_m7" name="test_api_overview_honest" time="9.852" /><testcase classname="tests.test_m7" name="test_b01_status_is_not_started_before_run" time="4.353" /><testcase classname="tests.test_m7" name="test_b02_metrics_empty_before_run" time="4.370" /><testcase classname="tests.test_m7" name="test_b03_summary_missing_before_run" time="4.350" /><testcase classname="tests.test_m7" name="test_b04_markdown_missing_before_run" time="4.143" /><testcase classname="tests.test_m7" name="test_b05_blocked_run_writes_no_metrics" time="9.183" /><testcase classname="tests.test_m7" name="test_b06_recompute_handles_clean_tree" time="3.946" /><testcase classname="tests.test_m7" name="test_b07_metric_values_are_json_finite" time="4.142" /><testcase classname="tests.test_m7" name="test_b08_two_runs_are_stable" time="4.369" /><testcase classname="tests.test_m7" name="test_b09_reset_idempotent" time="4.497" /><testcase classname="tests.test_m7" name="test_b10_forbidden_terminology_fails_run" time="5.128" /><testcase classname="tests.test_m7" name="test_b11_manifest_paths_are_relative_posix" time="6.605" /><testcase classname="tests.test_m7" name="test_b12_provenance_artifacts_have_no_nulls" time="5.960" /><testcase classname="tests.test_m7" name="test_b13_experiment_seed_changes_with_inputs" time="5.355" /><testcase classname="tests.test_m7" name="test_b14_no_absolute_paths_in_report" time="4.345" /><testcase classname="tests.test_m8" name="test_m8_configuration_registered_and_inspectable" time="0.001" /><testcase classname="tests.test_m8" name="test_meta_exposes_m8_config" time="3.765" /><testcase classname="tests.test_m8" name="test_capabilities_endpoint_honest" time="0.000" /><testcase classname="tests.test_m8" name="test_capabilities_api_reports_deep_unavailable" time="3.954" /><testcase classname="tests.test_m8" name="test_contract_rejects_nonfinite_bounds_mask_and_duplicates" time="0.001" /><testcase classname="tests.test_m8" name="test_contract_bounds_and_cap_and_no_confidence_needed" time="0.001" /><testcase classname="tests.test_m8" name="test_routing_modes_categorical_and_honest" time="0.000" /><testcase classname="tests.test_m8" name="test_full_m8_run_produces_candidates_and_artifacts" time="22.112" /><testcase classname="tests.test_m8" name="test_m8_run_does_not_perturb_m3_and_m4_read_paths" time="16.180" /><testcase classname="tests.test_m8" name="test_m8_blocked_for_unprocessed_pair" time="8.178" /><testcase classname="tests.test_m8" name="test_benchmark_mode_rows_categorical_no_winner_no_accuracy" time="15.057" /><testcase classname="tests.test_m8" name="test_benchmark_classical_only_mode_skips_deep" time="15.720" /><testcase classname="tests.test_m8" name="test_m8_reset_removes_only_m8_artifacts" time="14.542" /><testcase classname="tests.test_m9" name="test_m9_config_yaml_section" time="0.004" /><testcase classname="tests.test_m9" name="test_m9_config_grounding_rules_and_clamps" time="0.003" /><testcase classname="tests.test_m9" name="test_m9_path_public_dict_has_no_secret" time="0.002" /><testcase classname="tests.test_m9" name="test_m9_state_vocabulary" time="0.001" /><testcase classname="tests.test_m9" name="test_m9_request_response_envelope" time="0.001" /><testcase classname="tests.test_m9" name="test_m9_evidence_packet_deterministic_and_sanitized" time="0.112" /><testcase classname="tests.test_m9" name="test_m9_evidence_digest_tracks_real_change_not_volatile" time="0.082" /><testcase classname="tests.test_m9" name="test_m9_evidence_empty_repo_honest_not_run" time="0.010" /><testcase classname="tests.test_m9" name="test_m9_sanitizer_and_rel_identifier" time="0.005" /><testcase classname="tests.test_m9" name="test_m9_canonical_digest_reproducible" time="0.002" /><testcase classname="tests.test_m9" name="test_m9_prompt_builder_default" time="0.001" /><testcase classname="tests.test_m9" name="test_m9_prompt_builder_all_tasks" time="0.001" /><testcase classname="tests.test_m9" name="test_m9_prompt_builder_fit_drops_largest_subtree" time="0.002" /><testcase classname="tests.test_m9" name="test_m9_prompt_question_capped" time="0.000" /><testcase classname="tests.test_m9" name="test_m9_validator_ok" time="0.001" /><testcase classname="tests.test_m9" name="test_m9_validator_empty" time="0.001" /><testcase classname="tests.test_m9" name="test_m9_validator_markdown_json_tolerated" time="0.002" /><testcase classname="tests.test_m9" name="test_m9_validator_no_nonempty_answer" time="0.002" /><testcase classname="tests.test_m9" name="test_m9_validator_unknown_evidence_metric_rejected" time="0.000" /><testcase classname="tests.test_m9" name="test_m9_validator_unknown_evidence_milestone_rejected" time="0.000" /><testcase classname="tests.test_m9" name="test_m9_validator_forbidden_terms_in_answer" time="0.000" /><testcase classname="tests.test_m9" name="test_m9_validator_forbidden_terms_inside_evidence_claim_dict" time="0.000" /><testcase classname="tests.test_m9" name="test_m9_validator_leak_inside_claim_rejected" time="0.000" /><testcase classname="tests.test_m9" name="test_m9_validator_bad_shapes_rejected" time="0.000" /><testcase classname="tests.test_m9" name="test_m9_client_not_configured" time="0.001" /><testcase classname="tests.test_m9" name="test_m9_client_mapping[body0-COMPLETE--True]" time="0.002" /><testcase classname="tests.test_m9" name="test_m9_client_mapping[body1-COMPLETE--True]" time="0.001" /><testcase classname="tests.test_m9" name="test_m9_client_mapping[body2-BLOCKED-BLOCKED-False]" time="0.001" /><testcase classname="tests.test_m9" name="test_m9_client_mapping[body3-PROVIDER_ERROR-EMPTY_CANDIDATES-False]" time="0.001" /><testcase classname="tests.test_m9" name="test_m9_client_mapping[body4-PROVIDER_ERROR-EMPTY_CANDIDATES-False]" time="0.001" /><testcase classname="tests.test_m9" name="test_m9_client_http_status_maps[400]" time="0.001" /><testcase classname="tests.test_m9" name="test_m9_client_http_status_maps[401]" time="0.001" /><testcase classname="tests.test_m9" name="test_m9_client_http_status_maps[403]" time="0.001" /><testcase classname="tests.test_m9" name="test_m9_client_http_status_maps[404]" time="0.001" /><testcase classname="tests.test_m9" name="test_m9_client_http_status_maps[429]" time="0.001" /><testcase classname="tests.test_m9" name="test_m9_client_server_error_maps[500]" time="0.001" /><testcase classname="tests.test_m9" name="test_m9_client_server_error_maps[502]" time="0.001" /><testcase classname="tests.test_m9" name="test_m9_client_server_error_maps[503]" time="0.001" /><testcase classname="tests.test_m9" name="test_m9_client_server_error_maps[504]" time="0.001" /><testcase classname="tests.test_m9" name="test_m9_client_timeout" time="0.001" /><testcase classname="tests.test_m9" name="test_m9_client_no_raw_error_in_result" time="0.001" /><testcase classname="tests.test_m9" name="test_m9_client_retry_then_success" time="1.002" /><testcase classname="tests.test_m9" name="test_m9_sessions_flow_and_isolation" time="0.001" /><testcase classname="tests.test_m9" name="test_m9_sessions_ttl_prune" time="0.001" /><testcase classname="tests.test_m9" name="test_m9_sessions_eviction_order" time="0.001" /><testcase classname="tests.test_m9" name="test_m9_audit_recorder" time="0.021" /><testcase classname="tests.test_m9" name="test_m9_provenance_node" time="0.023" /><testcase classname="tests.test_m9" name="test_m9_provenance_never_stores_prompt_or_response" time="0.005" /><testcase classname="tests.test_m9" name="test_m9_assistant_status_not_configured" time="0.004" /><testcase classname="tests.test_m9" name="test_m9_assistant_status_ready" time="0.004" /><testcase classname="tests.test_m9" name="test_m9_assistant_not_configured_raises" time="0.006" /><testcase classname="tests.test_m9" name="test_m9_assistant_missing_pair_raises" time="0.004" /><testcase classname="tests.test_m9" name="test_m9_assistant_full_success" time="0.052" /><testcase classname="tests.test_m9" name="test_m9_assistant_invalid_response_raises" time="0.023" /><testcase classname="tests.test_m9" name="test_m9_assistant_provider_error_maps" time="0.028" /><testcase classname="tests.test_m9" name="test_m9_assistant_blocked_maps" time="0.004" /><testcase classname="tests.test_m9" name="test_m9_assistant_timeout_maps" time="0.004" /><testcase classname="tests.test_m9" name="test_m9_api_status_not_configured" time="5.723" /><testcase classname="tests.test_m9" name="test_m9_api_status_ready" time="3.366" /><testcase classname="tests.test_m9" name="test_m9_api_explain_unconfigured_501" time="8.917" /><testcase classname="tests.test_m9" name="test_m9_api_explain_by_authed_refdes" time="24.435" /><testcase classname="tests.test_m9" name="test_m9_api_configured_but_bad_body" time="7.362" /><testcase classname="tests.test_m9" name="test_m9_api_meta_exposes_m9_config" time="3.052" /><testcase classname="tests.test_m9" name="test_m9_api_ai_response_never_contains_api_key" time="7.760" /><testcase classname="tests.test_m9" name="test_m9_api_full_success_end_to_end" time="3.498" /><testcase classname="tests.test_m9" name="test_m9_api_all_task_endpoints_exist" time="3.985" /><testcase classname="tests.test_m9" name="test_m9_bug_hunt_behaviours" time="14.374" /><testcase classname="tests.test_m9" name="test_m9_end_to_end_honest_empty" time="0.016" /><testcase classname="tests.test_security" name="test_user_schema_rejects_weak_password" time="0.002" /><testcase classname="tests.test_security" name="test_user_in_db_never_serializes_password_hash" time="0.001" /><testcase classname="tests.test_security" name="test_password_hash_roundtrip_and_no_plaintext" time="0.246" /><testcase classname="tests.test_security" name="test_salts_make_hashes_unique" time="0.154" /><testcase classname="tests.test_security" name="test_token_roundtrip_with_configured_secret" time="0.001" /><testcase classname="tests.test_security" name="test_token_forged_does_not_verify" time="0.002" /><testcase classname="tests.test_security" name="test_token_create_requires_configured_secret" time="0.002" /></testsuite></testsuites>